c:\users\upal\desktop\v10.0.14_x86\node_failure_x86_v10.0.14\dsr\debug\vc140.pdb
c:\users\upal\desktop\v10.0.14_x86\node_failure_x86_v10.0.14\dsr\debug\vc140.idb
c:\users\upal\desktop\v10.0.14_x86\node_failure_x86_v10.0.14\dsr\debug\checkroutefound.obj
c:\users\upal\desktop\v10.0.14_x86\node_failure_x86_v10.0.14\dsr\debug\dsr.obj
c:\users\upal\desktop\v10.0.14_x86\node_failure_x86_v10.0.14\dsr\debug\maintbuffer.obj
c:\users\upal\desktop\v10.0.14_x86\node_failure_x86_v10.0.14\dsr\debug\network_layer_ack.obj
c:\users\upal\desktop\v10.0.14_x86\node_failure_x86_v10.0.14\dsr\debug\packetprocessing.obj
c:\users\upal\desktop\v10.0.14_x86\node_failure_x86_v10.0.14\dsr\debug\routecache.obj
c:\users\upal\desktop\v10.0.14_x86\node_failure_x86_v10.0.14\dsr\debug\routeerror.obj
c:\users\upal\desktop\v10.0.14_x86\node_failure_x86_v10.0.14\dsr\debug\routereply.obj
c:\users\upal\desktop\v10.0.14_x86\node_failure_x86_v10.0.14\dsr\debug\routerequest.obj
c:\users\upal\desktop\v10.0.14_x86\node_failure_x86_v10.0.14\dsr\debug\sendbuffer.obj
c:\users\upal\desktop\v10.0.14_x86\node_failure_x86_v10.0.14\dsr\debug\sourceroute.obj
c:\users\upal\desktop\v10.0.14_x86\node_failure_x86_v10.0.14\dll\dsr.lib
c:\users\upal\desktop\v10.0.14_x86\node_failure_x86_v10.0.14\dll\dsr.exp
c:\users\upal\desktop\v10.0.14_x86\node_failure_x86_v10.0.14\dll\libdsr.dll
c:\users\upal\desktop\v10.0.14_x86\node_failure_x86_v10.0.14\dll\dsr.pdb
c:\users\upal\desktop\v10.0.14_x86\node_failure_x86_v10.0.14\dsr\debug\dsr.tlog\cl.command.1.tlog
c:\users\upal\desktop\v10.0.14_x86\node_failure_x86_v10.0.14\dsr\debug\dsr.tlog\cl.read.1.tlog
c:\users\upal\desktop\v10.0.14_x86\node_failure_x86_v10.0.14\dsr\debug\dsr.tlog\cl.write.1.tlog
c:\users\upal\desktop\v10.0.14_x86\node_failure_x86_v10.0.14\dsr\debug\dsr.tlog\dsr.write.1u.tlog
c:\users\upal\desktop\v10.0.14_x86\node_failure_x86_v10.0.14\dsr\debug\dsr.tlog\link.command.1.tlog
c:\users\upal\desktop\v10.0.14_x86\node_failure_x86_v10.0.14\dsr\debug\dsr.tlog\link.read.1.tlog
c:\users\upal\desktop\v10.0.14_x86\node_failure_x86_v10.0.14\dsr\debug\dsr.tlog\link.write.1.tlog
